  Character.cpp
C:\Users\bltho\source\repos\MarioProject\MarioProject\Character.h(51,88): warning C4244: 'argument': conversion from 'int' to 'float', possible loss of data
C:\Users\bltho\source\repos\MarioProject\MarioProject\Character.h(51,64): warning C4244: 'argument': conversion from 'int' to 'float', possible loss of data
  CharacterLuigi.cpp
C:\Users\bltho\source\repos\MarioProject\MarioProject\Character.h(51,88): warning C4244: 'argument': conversion from 'int' to 'float', possible loss of data
C:\Users\bltho\source\repos\MarioProject\MarioProject\Character.h(51,64): warning C4244: 'argument': conversion from 'int' to 'float', possible loss of data
  CharacterMario.cpp
C:\Users\bltho\source\repos\MarioProject\MarioProject\Character.h(51,88): warning C4244: 'argument': conversion from 'int' to 'float', possible loss of data
C:\Users\bltho\source\repos\MarioProject\MarioProject\Character.h(51,64): warning C4244: 'argument': conversion from 'int' to 'float', possible loss of data
  Collisions.cpp
C:\Users\bltho\source\repos\MarioProject\MarioProject\Character.h(51,88): warning C4244: 'argument': conversion from 'int' to 'float', possible loss of data
C:\Users\bltho\source\repos\MarioProject\MarioProject\Character.h(51,64): warning C4244: 'argument': conversion from 'int' to 'float', possible loss of data
  GameScreenLevel1.cpp
C:\Users\bltho\source\repos\MarioProject\MarioProject\Character.h(51,88): warning C4244: 'argument': conversion from 'int' to 'float', possible loss of data
C:\Users\bltho\source\repos\MarioProject\MarioProject\Character.h(51,64): warning C4244: 'argument': conversion from 'int' to 'float', possible loss of data
C:\Users\bltho\source\repos\MarioProject\MarioProject\GameScreenLevel1.h(10,10): warning C4067: unexpected tokens following preprocessor directive - expected a newline
C:\Users\bltho\source\repos\MarioProject\MarioProject\GameScreenLevel1.cpp(75,37): warning C4804: '>': unsafe use of type 'bool' in operation
  GameScreenManager.cpp
C:\Users\bltho\source\repos\MarioProject\MarioProject\Character.h(51,88): warning C4244: 'argument': conversion from 'int' to 'float', possible loss of data
C:\Users\bltho\source\repos\MarioProject\MarioProject\Character.h(51,64): warning C4244: 'argument': conversion from 'int' to 'float', possible loss of data
C:\Users\bltho\source\repos\MarioProject\MarioProject\GameScreenLevel1.h(10,10): warning C4067: unexpected tokens following preprocessor directive - expected a newline
  LevelMap.cpp
  POWBlock.cpp
C:\Users\bltho\source\repos\MarioProject\MarioProject\POWBlock.cpp(21,44): warning C4244: '=': conversion from 'int' to 'float', possible loss of data
C:\Users\bltho\source\repos\MarioProject\MarioProject\POWBlock.cpp(22,42): warning C4244: '=': conversion from 'int' to 'float', possible loss of data
C:\Users\bltho\source\repos\MarioProject\MarioProject\POWBlock.cpp(42,12): warning C4244: 'initializing': conversion from 'float' to 'int', possible loss of data
C:\Users\bltho\source\repos\MarioProject\MarioProject\POWBlock.cpp(44,43): warning C4838: conversion from 'float' to 'int' requires a narrowing conversion
C:\Users\bltho\source\repos\MarioProject\MarioProject\POWBlock.cpp(44,43): warning C4244: 'initializing': conversion from 'float' to 'int', possible loss of data
C:\Users\bltho\source\repos\MarioProject\MarioProject\POWBlock.cpp(44,62): warning C4838: conversion from 'float' to 'int' requires a narrowing conversion
C:\Users\bltho\source\repos\MarioProject\MarioProject\POWBlock.cpp(44,62): warning C4244: 'initializing': conversion from 'float' to 'int', possible loss of data
C:\Users\bltho\source\repos\MarioProject\MarioProject\POWBlock.cpp(46,90): warning C4838: conversion from 'float' to 'int' requires a narrowing conversion
C:\Users\bltho\source\repos\MarioProject\MarioProject\POWBlock.cpp(46,90): warning C4244: 'initializing': conversion from 'float' to 'int', possible loss of data
C:\Users\bltho\source\repos\MarioProject\MarioProject\POWBlock.cpp(46,109): warning C4838: conversion from 'float' to 'int' requires a narrowing conversion
C:\Users\bltho\source\repos\MarioProject\MarioProject\POWBlock.cpp(46,109): warning C4244: 'initializing': conversion from 'float' to 'int', possible loss of data
  Source.cpp
  Generating Code...
C:\Users\bltho\source\repos\MarioProject\MarioProject\Source.cpp(147): warning C4715: 'InitSDL': not all control paths return a value
C:\Users\bltho\source\repos\MarioProject\MarioProject\GameScreenLevel1.cpp(109): warning C4715: 'GameScreenLevel1::SetUpLevel': not all control paths return a value
  MarioProject.vcxproj -> C:\Users\bltho\source\repos\MarioProject\Debug\MarioProject.exe
